{"/home/runner/work/vue3-template/vue3-template/app/src/components/atoms/DarkModeToggleButton/DarkModeToggleButton.vue": {"path":"/home/runner/work/vue3-template/vue3-template/app/src/components/atoms/DarkModeToggleButton/DarkModeToggleButton.vue","all":false,"statementMap":{"0":{"start":{"line":1,"column":0},"end":{"line":1,"column":24}},"1":{"start":{"line":2,"column":0},"end":{"line":2,"column":50}},"2":{"start":{"line":3,"column":0},"end":{"line":3,"column":47}},"4":{"start":{"line":5,"column":0},"end":{"line":5,"column":25}},"5":{"start":{"line":6,"column":0},"end":{"line":6,"column":37}},"9":{"start":{"line":10,"column":0},"end":{"line":10,"column":40}},"10":{"start":{"line":11,"column":0},"end":{"line":11,"column":36}},"11":{"start":{"line":12,"column":0},"end":{"line":12,"column":45}},"12":{"start":{"line":13,"column":0},"end":{"line":13,"column":11}},"13":{"start":{"line":14,"column":0},"end":{"line":14,"column":57}},"14":{"start":{"line":15,"column":0},"end":{"line":15,"column":8}}},"s":{"0":1,"1":1,"2":1,"4":1,"5":1,"9":1,"10":1,"11":1,"12":1,"13":1,"14":1},"branchMap":{"0":{"type":"branch","line":14,"loc":{"start":{"line":14,"column":24},"end":{"line":14,"column":32}},"locations":[{"start":{"line":14,"column":24},"end":{"line":14,"column":32}}]},"1":{"type":"branch","line":12,"loc":{"start":{"line":12,"column":27},"end":{"line":12,"column":45}},"locations":[{"start":{"line":12,"column":27},"end":{"line":12,"column":45}}]},"2":{"type":"branch","line":14,"loc":{"start":{"line":14,"column":24},"end":{"line":14,"column":32}},"locations":[{"start":{"line":14,"column":24},"end":{"line":14,"column":32}}]}},"b":{"0":[4],"1":[4],"2":[1]},"fnMap":{"0":{"name":"__vite_ssr_import_3__.createElementBlock.__vite_ssr_import_3__.createVNode.onUpdate:modelValue._cache.<computed>._cache.<computed>","decl":{"start":{"line":14,"column":24},"end":{"line":14,"column":32}},"loc":{"start":{"line":14,"column":24},"end":{"line":14,"column":32}},"line":14}},"f":{"0":1}}
,"/home/runner/work/vue3-template/vue3-template/app/src/components/atoms/ErrorLabel/ErrorLabel.vue": {"path":"/home/runner/work/vue3-template/vue3-template/app/src/components/atoms/ErrorLabel/ErrorLabel.vue","all":false,"statementMap":{"0":{"start":{"line":1,"column":0},"end":{"line":1,"column":24}},"7":{"start":{"line":8,"column":0},"end":{"line":8,"column":53}},"8":{"start":{"line":9,"column":0},"end":{"line":9,"column":15}},"9":{"start":{"line":10,"column":0},"end":{"line":10,"column":6}}},"s":{"0":1,"7":1,"8":1,"9":1},"branchMap":{"0":{"type":"branch","line":1,"loc":{"start":{"line":1,"column":0},"end":{"line":10,"column":6}},"locations":[{"start":{"line":1,"column":0},"end":{"line":10,"column":6}}]},"1":{"type":"branch","line":1,"loc":{"start":{"line":1,"column":0},"end":{"line":10,"column":6}},"locations":[{"start":{"line":1,"column":0},"end":{"line":10,"column":6}}]}},"b":{"0":[1],"1":[1]},"fnMap":{},"f":{}}
,"/home/runner/work/vue3-template/vue3-template/app/src/components/atoms/HeaderItem/HeaderItem.vue": {"path":"/home/runner/work/vue3-template/vue3-template/app/src/components/atoms/HeaderItem/HeaderItem.vue","all":false,"statementMap":{"0":{"start":{"line":1,"column":0},"end":{"line":1,"column":24}},"1":{"start":{"line":2,"column":0},"end":{"line":2,"column":39}},"2":{"start":{"line":3,"column":0},"end":{"line":3,"column":33}},"9":{"start":{"line":10,"column":0},"end":{"line":10,"column":36}},"10":{"start":{"line":11,"column":0},"end":{"line":11,"column":24}},"11":{"start":{"line":12,"column":0},"end":{"line":12,"column":33}},"12":{"start":{"line":13,"column":0},"end":{"line":13,"column":3}},"16":{"start":{"line":17,"column":0},"end":{"line":17,"column":6}},"17":{"start":{"line":18,"column":0},"end":{"line":18,"column":65}},"18":{"start":{"line":19,"column":0},"end":{"line":19,"column":28}},"20":{"start":{"line":21,"column":0},"end":{"line":21,"column":6}},"21":{"start":{"line":22,"column":0},"end":{"line":22,"column":63}},"22":{"start":{"line":23,"column":0},"end":{"line":23,"column":26}},"23":{"start":{"line":24,"column":0},"end":{"line":24,"column":18}},"24":{"start":{"line":25,"column":0},"end":{"line":25,"column":21}},"25":{"start":{"line":26,"column":0},"end":{"line":26,"column":5}},"26":{"start":{"line":27,"column":0},"end":{"line":27,"column":8}}},"s":{"0":3,"1":3,"2":3,"9":3,"10":1,"11":0,"12":1,"16":1,"17":1,"18":1,"20":1,"21":1,"22":1,"23":1,"24":1,"25":1,"26":1},"branchMap":{"0":{"type":"branch","line":1,"loc":{"start":{"line":1,"column":0},"end":{"line":11,"column":6}},"locations":[{"start":{"line":1,"column":0},"end":{"line":11,"column":6}}]},"1":{"type":"branch","line":1,"loc":{"start":{"line":1,"column":0},"end":{"line":11,"column":6}},"locations":[{"start":{"line":1,"column":0},"end":{"line":11,"column":6}}]}},"b":{"0":[3],"1":[3]},"fnMap":{},"f":{}}
,"/home/runner/work/vue3-template/vue3-template/app/src/components/atoms/MenuButton/MenuButton.vue": {"path":"/home/runner/work/vue3-template/vue3-template/app/src/components/atoms/MenuButton/MenuButton.vue","all":false,"statementMap":{"0":{"start":{"line":1,"column":0},"end":{"line":1,"column":24}},"1":{"start":{"line":2,"column":0},"end":{"line":2,"column":39}},"2":{"start":{"line":3,"column":0},"end":{"line":3,"column":47}},"3":{"start":{"line":4,"column":0},"end":{"line":4,"column":33}},"5":{"start":{"line":6,"column":0},"end":{"line":6,"column":36}},"6":{"start":{"line":7,"column":0},"end":{"line":7,"column":24}},"7":{"start":{"line":8,"column":0},"end":{"line":8,"column":33}},"8":{"start":{"line":9,"column":0},"end":{"line":9,"column":3}},"12":{"start":{"line":13,"column":0},"end":{"line":13,"column":66}},"13":{"start":{"line":14,"column":0},"end":{"line":14,"column":42}},"14":{"start":{"line":15,"column":0},"end":{"line":15,"column":11}}},"s":{"0":3,"1":3,"2":3,"3":3,"5":1,"6":1,"7":0,"8":1,"12":1,"13":1,"14":1},"branchMap":{"0":{"type":"branch","line":1,"loc":{"start":{"line":1,"column":0},"end":{"line":6,"column":27}},"locations":[{"start":{"line":1,"column":0},"end":{"line":6,"column":27}}]},"1":{"type":"branch","line":1,"loc":{"start":{"line":1,"column":0},"end":{"line":6,"column":27}},"locations":[{"start":{"line":1,"column":0},"end":{"line":6,"column":27}}]},"2":{"type":"branch","line":14,"loc":{"start":{"line":14,"column":24},"end":{"line":14,"column":42}},"locations":[{"start":{"line":14,"column":24},"end":{"line":14,"column":42}}]}},"b":{"0":[3],"1":[3],"2":[1]},"fnMap":{},"f":{}}
,"/home/runner/work/vue3-template/vue3-template/app/src/components/atoms/Stamps/CheckedStamp/CheckedStamp.vue": {"path":"/home/runner/work/vue3-template/vue3-template/app/src/components/atoms/Stamps/CheckedStamp/CheckedStamp.vue","all":false,"statementMap":{"0":{"start":{"line":1,"column":0},"end":{"line":1,"column":24}},"1":{"start":{"line":2,"column":0},"end":{"line":2,"column":48}},"4":{"start":{"line":5,"column":0},"end":{"line":5,"column":29}},"5":{"start":{"line":6,"column":0},"end":{"line":6,"column":37}},"6":{"start":{"line":7,"column":0},"end":{"line":7,"column":44}},"7":{"start":{"line":8,"column":0},"end":{"line":8,"column":11}},"8":{"start":{"line":9,"column":0},"end":{"line":9,"column":8}}},"s":{"0":1,"1":1,"4":1,"5":1,"6":1,"7":1,"8":1},"branchMap":{"0":{"type":"branch","line":7,"loc":{"start":{"line":7,"column":25},"end":{"line":7,"column":44}},"locations":[{"start":{"line":7,"column":25},"end":{"line":7,"column":44}}]}},"b":{"0":[3]},"fnMap":{},"f":{}}
,"/home/runner/work/vue3-template/vue3-template/app/src/components/atoms/Stamps/ErrorStamp/ErrorStamp.vue": {"path":"/home/runner/work/vue3-template/vue3-template/app/src/components/atoms/Stamps/ErrorStamp/ErrorStamp.vue","all":false,"statementMap":{"0":{"start":{"line":1,"column":0},"end":{"line":1,"column":24}},"4":{"start":{"line":5,"column":0},"end":{"line":5,"column":29}},"5":{"start":{"line":6,"column":0},"end":{"line":6,"column":37}},"7":{"start":{"line":8,"column":0},"end":{"line":8,"column":11}}},"s":{"0":4,"4":1,"5":1,"7":1},"branchMap":{"0":{"type":"branch","line":1,"loc":{"start":{"line":1,"column":0},"end":{"line":1,"column":24}},"locations":[{"start":{"line":1,"column":0},"end":{"line":1,"column":24}}]}},"b":{"0":[4]},"fnMap":{"0":{"name":"get","decl":{"start":{"line":1,"column":0},"end":{"line":1,"column":24}},"loc":{"start":{"line":1,"column":0},"end":{"line":1,"column":24}},"line":1}},"f":{"0":4}}
,"/home/runner/work/vue3-template/vue3-template/app/src/components/atoms/Stamps/NotCheckedStamp/NotCheckedStamp.vue": {"path":"/home/runner/work/vue3-template/vue3-template/app/src/components/atoms/Stamps/NotCheckedStamp/NotCheckedStamp.vue","all":false,"statementMap":{"0":{"start":{"line":1,"column":0},"end":{"line":1,"column":24}},"7":{"start":{"line":8,"column":0},"end":{"line":8,"column":29}},"8":{"start":{"line":9,"column":0},"end":{"line":9,"column":37}},"9":{"start":{"line":10,"column":0},"end":{"line":10,"column":16}},"10":{"start":{"line":11,"column":0},"end":{"line":11,"column":11}},"11":{"start":{"line":12,"column":0},"end":{"line":12,"column":8}}},"s":{"0":1,"7":1,"8":1,"9":1,"10":1,"11":1},"branchMap":{},"b":{},"fnMap":{},"f":{}}
,"/home/runner/work/vue3-template/vue3-template/app/src/components/organisms/PaginationBar/PaginationBar.vue": {"path":"/home/runner/work/vue3-template/vue3-template/app/src/components/organisms/PaginationBar/PaginationBar.vue","all":false,"statementMap":{"0":{"start":{"line":1,"column":0},"end":{"line":1,"column":24}},"1":{"start":{"line":2,"column":0},"end":{"line":2,"column":54}},"2":{"start":{"line":3,"column":0},"end":{"line":3,"column":57}},"4":{"start":{"line":5,"column":0},"end":{"line":5,"column":27}},"9":{"start":{"line":10,"column":0},"end":{"line":10,"column":43}},"10":{"start":{"line":11,"column":0},"end":{"line":11,"column":36}},"11":{"start":{"line":12,"column":0},"end":{"line":12,"column":40}},"12":{"start":{"line":13,"column":0},"end":{"line":13,"column":38}},"13":{"start":{"line":14,"column":0},"end":{"line":14,"column":50}},"15":{"start":{"line":16,"column":0},"end":{"line":16,"column":42}},"16":{"start":{"line":17,"column":0},"end":{"line":17,"column":24}},"17":{"start":{"line":18,"column":0},"end":{"line":18,"column":33}},"18":{"start":{"line":19,"column":0},"end":{"line":19,"column":2}},"20":{"start":{"line":21,"column":0},"end":{"line":21,"column":32}},"21":{"start":{"line":22,"column":0},"end":{"line":22,"column":60}},"22":{"start":{"line":23,"column":0},"end":{"line":23,"column":33}},"23":{"start":{"line":24,"column":0},"end":{"line":24,"column":2}},"25":{"start":{"line":26,"column":0},"end":{"line":26,"column":28}},"26":{"start":{"line":27,"column":0},"end":{"line":27,"column":17}},"27":{"start":{"line":28,"column":0},"end":{"line":28,"column":70}},"28":{"start":{"line":29,"column":0},"end":{"line":29,"column":33}},"29":{"start":{"line":30,"column":0},"end":{"line":30,"column":2}},"31":{"start":{"line":32,"column":0},"end":{"line":32,"column":20}},"32":{"start":{"line":33,"column":0},"end":{"line":33,"column":80}},"33":{"start":{"line":34,"column":0},"end":{"line":34,"column":2}},"34":{"start":{"line":35,"column":0},"end":{"line":35,"column":15}},"35":{"start":{"line":36,"column":0},"end":{"line":36,"column":80}},"36":{"start":{"line":37,"column":0},"end":{"line":37,"column":2}},"40":{"start":{"line":41,"column":0},"end":{"line":41,"column":48}},"41":{"start":{"line":42,"column":0},"end":{"line":42,"column":29}},"42":{"start":{"line":43,"column":0},"end":{"line":43,"column":45}},"43":{"start":{"line":44,"column":0},"end":{"line":44,"column":46}},"44":{"start":{"line":45,"column":0},"end":{"line":45,"column":81}},"46":{"start":{"line":47,"column":0},"end":{"line":47,"column":14}},"47":{"start":{"line":48,"column":0},"end":{"line":48,"column":13}},"48":{"start":{"line":49,"column":0},"end":{"line":49,"column":81}},"49":{"start":{"line":50,"column":0},"end":{"line":50,"column":74}},"51":{"start":{"line":52,"column":0},"end":{"line":52,"column":14}},"52":{"start":{"line":53,"column":0},"end":{"line":53,"column":122}},"53":{"start":{"line":54,"column":0},"end":{"line":54,"column":21}},"54":{"start":{"line":55,"column":0},"end":{"line":55,"column":14}},"55":{"start":{"line":56,"column":0},"end":{"line":56,"column":98}},"56":{"start":{"line":57,"column":0},"end":{"line":57,"column":21}},"57":{"start":{"line":58,"column":0},"end":{"line":58,"column":14}},"58":{"start":{"line":59,"column":0},"end":{"line":59,"column":13}},"59":{"start":{"line":60,"column":0},"end":{"line":60,"column":46}},"60":{"start":{"line":61,"column":0},"end":{"line":61,"column":77}},"62":{"start":{"line":63,"column":0},"end":{"line":63,"column":14}},"63":{"start":{"line":64,"column":0},"end":{"line":64,"column":13}},"64":{"start":{"line":65,"column":0},"end":{"line":65,"column":11}},"65":{"start":{"line":66,"column":0},"end":{"line":66,"column":10}},"66":{"start":{"line":67,"column":0},"end":{"line":67,"column":8}}},"s":{"0":1,"1":1,"2":1,"4":1,"9":1,"10":1,"11":1,"12":1,"13":1,"15":1,"16":0,"17":0,"18":0,"20":1,"21":0,"22":0,"23":0,"25":1,"26":0,"27":0,"28":0,"29":0,"31":1,"32":0,"33":1,"34":1,"35":1,"36":1,"40":1,"41":1,"42":1,"43":1,"44":1,"46":1,"47":1,"48":1,"49":1,"51":1,"52":3,"53":2,"54":2,"55":2,"56":1,"57":1,"58":1,"59":1,"60":1,"62":1,"63":1,"64":1,"65":1,"66":1},"branchMap":{"0":{"type":"branch","line":10,"loc":{"start":{"line":10,"column":26},"end":{"line":10,"column":43}},"locations":[{"start":{"line":10,"column":26},"end":{"line":10,"column":43}}]},"1":{"type":"branch","line":35,"loc":{"start":{"line":35,"column":10},"end":{"line":36,"column":80}},"locations":[{"start":{"line":35,"column":10},"end":{"line":36,"column":80}}]},"2":{"type":"branch","line":50,"loc":{"start":{"line":50,"column":22},"end":{"line":52,"column":14}},"locations":[{"start":{"line":50,"column":22},"end":{"line":52,"column":14}}]},"3":{"type":"branch","line":52,"loc":{"start":{"line":52,"column":10},"end":{"line":56,"column":98}},"locations":[{"start":{"line":52,"column":10},"end":{"line":56,"column":98}}]},"4":{"type":"branch","line":53,"loc":{"start":{"line":53,"column":46},"end":{"line":53,"column":122}},"locations":[{"start":{"line":53,"column":46},"end":{"line":53,"column":122}}]},"5":{"type":"branch","line":53,"loc":{"start":{"line":53,"column":120},"end":{"line":56,"column":98}},"locations":[{"start":{"line":53,"column":120},"end":{"line":56,"column":98}}]}},"b":{"0":[0],"1":[1],"2":[1],"3":[3],"4":[1],"5":[2]},"fnMap":{"0":{"name":"showByPageNum","decl":{"start":{"line":16,"column":22},"end":{"line":19,"column":2}},"loc":{"start":{"line":16,"column":22},"end":{"line":19,"column":2}},"line":16},"1":{"name":"showPreviousPage","decl":{"start":{"line":21,"column":25},"end":{"line":24,"column":2}},"loc":{"start":{"line":21,"column":25},"end":{"line":24,"column":2}},"line":21},"2":{"name":"showNextPage","decl":{"start":{"line":26,"column":21},"end":{"line":30,"column":2}},"loc":{"start":{"line":26,"column":21},"end":{"line":30,"column":2}},"line":26},"3":{"name":"onClick","decl":{"start":{"line":53,"column":55},"end":{"line":53,"column":86}},"loc":{"start":{"line":53,"column":55},"end":{"line":53,"column":86}},"line":53},"4":{"name":"onClick","decl":{"start":{"line":56,"column":26},"end":{"line":56,"column":57}},"loc":{"start":{"line":56,"column":26},"end":{"line":56,"column":57}},"line":56}},"f":{"0":0,"1":0,"2":0,"3":0,"4":0}}
,"/home/runner/work/vue3-template/vue3-template/app/src/components/organisms/PaginationBar/usePaginationBar.ts": {"path":"/home/runner/work/vue3-template/vue3-template/app/src/components/organisms/PaginationBar/usePaginationBar.ts","all":false,"statementMap":{"0":{"start":{"line":1,"column":0},"end":{"line":1,"column":36}},"1":{"start":{"line":2,"column":0},"end":{"line":2,"column":67}},"2":{"start":{"line":3,"column":0},"end":{"line":3,"column":43}},"3":{"start":{"line":4,"column":0},"end":{"line":4,"column":29}},"4":{"start":{"line":5,"column":0},"end":{"line":5,"column":5}},"5":{"start":{"line":6,"column":0},"end":{"line":6,"column":16}},"6":{"start":{"line":7,"column":0},"end":{"line":7,"column":4}},"8":{"start":{"line":9,"column":0},"end":{"line":9,"column":30}},"9":{"start":{"line":10,"column":0},"end":{"line":10,"column":30}},"10":{"start":{"line":11,"column":0},"end":{"line":11,"column":27}},"11":{"start":{"line":12,"column":0},"end":{"line":12,"column":23}},"12":{"start":{"line":13,"column":0},"end":{"line":13,"column":20}},"13":{"start":{"line":14,"column":0},"end":{"line":14,"column":8}},"14":{"start":{"line":15,"column":0},"end":{"line":15,"column":31}},"15":{"start":{"line":16,"column":0},"end":{"line":16,"column":30}},"16":{"start":{"line":17,"column":0},"end":{"line":17,"column":39}},"17":{"start":{"line":18,"column":0},"end":{"line":18,"column":34}},"18":{"start":{"line":19,"column":0},"end":{"line":19,"column":5}},"19":{"start":{"line":20,"column":0},"end":{"line":20,"column":57}},"20":{"start":{"line":21,"column":0},"end":{"line":21,"column":74}},"21":{"start":{"line":22,"column":0},"end":{"line":22,"column":70}},"22":{"start":{"line":23,"column":0},"end":{"line":23,"column":7}},"23":{"start":{"line":24,"column":0},"end":{"line":24,"column":5}},"24":{"start":{"line":25,"column":0},"end":{"line":25,"column":52}},"25":{"start":{"line":26,"column":0},"end":{"line":26,"column":34}},"26":{"start":{"line":27,"column":0},"end":{"line":27,"column":5}},"27":{"start":{"line":28,"column":0},"end":{"line":28,"column":56}},"28":{"start":{"line":29,"column":0},"end":{"line":29,"column":4}},"30":{"start":{"line":31,"column":0},"end":{"line":31,"column":32}},"31":{"start":{"line":32,"column":0},"end":{"line":32,"column":1}}},"s":{"0":1,"1":2,"2":29,"3":28,"4":28,"5":29,"6":29,"8":2,"9":11,"10":11,"11":11,"12":11,"13":11,"14":11,"15":11,"16":11,"17":4,"18":4,"19":11,"20":43,"21":18,"22":18,"23":43,"24":11,"25":6,"26":6,"27":11,"28":11,"30":2,"31":2},"branchMap":{"0":{"type":"branch","line":1,"loc":{"start":{"line":1,"column":7},"end":{"line":32,"column":1}},"locations":[{"start":{"line":1,"column":7},"end":{"line":32,"column":1}}]},"1":{"type":"branch","line":2,"loc":{"start":{"line":2,"column":25},"end":{"line":7,"column":4}},"locations":[{"start":{"line":2,"column":25},"end":{"line":7,"column":4}}]},"2":{"type":"branch","line":3,"loc":{"start":{"line":3,"column":42},"end":{"line":5,"column":5}},"locations":[{"start":{"line":3,"column":42},"end":{"line":5,"column":5}}]},"3":{"type":"branch","line":9,"loc":{"start":{"line":9,"column":29},"end":{"line":29,"column":4}},"locations":[{"start":{"line":9,"column":29},"end":{"line":29,"column":4}}]},"4":{"type":"branch","line":17,"loc":{"start":{"line":17,"column":38},"end":{"line":19,"column":5}},"locations":[{"start":{"line":17,"column":38},"end":{"line":19,"column":5}}]},"5":{"type":"branch","line":20,"loc":{"start":{"line":20,"column":56},"end":{"line":24,"column":5}},"locations":[{"start":{"line":20,"column":56},"end":{"line":24,"column":5}}]},"6":{"type":"branch","line":21,"loc":{"start":{"line":21,"column":33},"end":{"line":21,"column":73}},"locations":[{"start":{"line":21,"column":33},"end":{"line":21,"column":73}}]},"7":{"type":"branch","line":21,"loc":{"start":{"line":21,"column":73},"end":{"line":23,"column":7}},"locations":[{"start":{"line":21,"column":73},"end":{"line":23,"column":7}}]},"8":{"type":"branch","line":25,"loc":{"start":{"line":25,"column":51},"end":{"line":27,"column":5}},"locations":[{"start":{"line":25,"column":51},"end":{"line":27,"column":5}}]}},"b":{"0":[2],"1":[29],"2":[28],"3":[11],"4":[4],"5":[43],"6":[27],"7":[18],"8":[6]},"fnMap":{"0":{"name":"usePaginationBar","decl":{"start":{"line":1,"column":7},"end":{"line":32,"column":1}},"loc":{"start":{"line":1,"column":7},"end":{"line":32,"column":1}},"line":1},"1":{"name":"pushNumberItem","decl":{"start":{"line":2,"column":25},"end":{"line":7,"column":4}},"loc":{"start":{"line":2,"column":25},"end":{"line":7,"column":4}},"line":2},"2":{"name":"setPaginationItems","decl":{"start":{"line":9,"column":29},"end":{"line":29,"column":4}},"loc":{"start":{"line":9,"column":29},"end":{"line":29,"column":4}},"line":9}},"f":{"0":2,"1":29,"2":11}}
,"/home/runner/work/vue3-template/vue3-template/app/src/components/organisms/PostCard/PostCard.vue": {"path":"/home/runner/work/vue3-template/vue3-template/app/src/components/organisms/PostCard/PostCard.vue","all":false,"statementMap":{"0":{"start":{"line":1,"column":0},"end":{"line":1,"column":24}},"2":{"start":{"line":3,"column":0},"end":{"line":3,"column":39}},"3":{"start":{"line":4,"column":0},"end":{"line":4,"column":33}},"5":{"start":{"line":6,"column":0},"end":{"line":6,"column":27}},"8":{"start":{"line":9,"column":0},"end":{"line":9,"column":46}},"10":{"start":{"line":11,"column":0},"end":{"line":11,"column":36}},"11":{"start":{"line":12,"column":0},"end":{"line":12,"column":24}},"12":{"start":{"line":13,"column":0},"end":{"line":13,"column":33}},"13":{"start":{"line":14,"column":0},"end":{"line":14,"column":3}},"17":{"start":{"line":18,"column":0},"end":{"line":18,"column":28}},"18":{"start":{"line":19,"column":0},"end":{"line":19,"column":6}},"19":{"start":{"line":20,"column":0},"end":{"line":20,"column":60}},"20":{"start":{"line":21,"column":0},"end":{"line":21,"column":23}},"21":{"start":{"line":22,"column":0},"end":{"line":22,"column":18}},"22":{"start":{"line":23,"column":0},"end":{"line":23,"column":26}},"23":{"start":{"line":24,"column":0},"end":{"line":24,"column":5}},"24":{"start":{"line":25,"column":0},"end":{"line":25,"column":62}},"25":{"start":{"line":26,"column":0},"end":{"line":26,"column":21}},"26":{"start":{"line":27,"column":0},"end":{"line":27,"column":8}},"27":{"start":{"line":28,"column":0},"end":{"line":28,"column":8}}},"s":{"0":1,"2":1,"3":1,"5":1,"8":1,"10":1,"11":1,"12":0,"13":1,"17":1,"18":1,"19":1,"20":1,"21":1,"22":1,"23":1,"24":1,"25":1,"26":1,"27":1},"branchMap":{"0":{"type":"branch","line":1,"loc":{"start":{"line":1,"column":0},"end":{"line":11,"column":27}},"locations":[{"start":{"line":1,"column":0},"end":{"line":11,"column":27}}]},"1":{"type":"branch","line":1,"loc":{"start":{"line":1,"column":0},"end":{"line":11,"column":27}},"locations":[{"start":{"line":1,"column":0},"end":{"line":11,"column":27}}]}},"b":{"0":[1],"1":[1]},"fnMap":{},"f":{}}
,"/home/runner/work/vue3-template/vue3-template/app/src/components/organisms/SideBar/SideBar.vue": {"path":"/home/runner/work/vue3-template/vue3-template/app/src/components/organisms/SideBar/SideBar.vue","all":false,"statementMap":{"0":{"start":{"line":1,"column":0},"end":{"line":1,"column":24}},"6":{"start":{"line":7,"column":0},"end":{"line":7,"column":33}},"8":{"start":{"line":9,"column":0},"end":{"line":9,"column":56}},"9":{"start":{"line":10,"column":0},"end":{"line":10,"column":28}},"10":{"start":{"line":11,"column":0},"end":{"line":11,"column":2}},"11":{"start":{"line":12,"column":0},"end":{"line":12,"column":57}},"12":{"start":{"line":13,"column":0},"end":{"line":13,"column":28}},"13":{"start":{"line":14,"column":0},"end":{"line":14,"column":2}},"17":{"start":{"line":18,"column":0},"end":{"line":18,"column":23}},"18":{"start":{"line":19,"column":0},"end":{"line":19,"column":9}},"19":{"start":{"line":20,"column":0},"end":{"line":20,"column":36}},"20":{"start":{"line":21,"column":0},"end":{"line":21,"column":10}},"21":{"start":{"line":22,"column":0},"end":{"line":22,"column":12}},"22":{"start":{"line":23,"column":0},"end":{"line":23,"column":33}},"23":{"start":{"line":24,"column":0},"end":{"line":24,"column":32}},"24":{"start":{"line":25,"column":0},"end":{"line":25,"column":35}},"25":{"start":{"line":26,"column":0},"end":{"line":26,"column":24}},"26":{"start":{"line":27,"column":0},"end":{"line":27,"column":23}},"27":{"start":{"line":28,"column":0},"end":{"line":28,"column":24}},"28":{"start":{"line":29,"column":0},"end":{"line":29,"column":26}},"30":{"start":{"line":31,"column":0},"end":{"line":31,"column":49}},"31":{"start":{"line":32,"column":0},"end":{"line":32,"column":25}},"32":{"start":{"line":33,"column":0},"end":{"line":33,"column":41}},"33":{"start":{"line":34,"column":0},"end":{"line":34,"column":36}},"35":{"start":{"line":36,"column":0},"end":{"line":36,"column":55}},"36":{"start":{"line":37,"column":0},"end":{"line":37,"column":38}},"37":{"start":{"line":38,"column":0},"end":{"line":38,"column":23}},"38":{"start":{"line":39,"column":0},"end":{"line":39,"column":59}},"39":{"start":{"line":40,"column":0},"end":{"line":40,"column":46}},"40":{"start":{"line":41,"column":0},"end":{"line":41,"column":63}},"41":{"start":{"line":42,"column":0},"end":{"line":42,"column":29}},"42":{"start":{"line":43,"column":0},"end":{"line":43,"column":33}},"43":{"start":{"line":44,"column":0},"end":{"line":44,"column":49}},"44":{"start":{"line":45,"column":0},"end":{"line":45,"column":63}},"45":{"start":{"line":46,"column":0},"end":{"line":46,"column":22}},"46":{"start":{"line":47,"column":0},"end":{"line":47,"column":20}},"47":{"start":{"line":48,"column":0},"end":{"line":48,"column":50}},"48":{"start":{"line":49,"column":0},"end":{"line":49,"column":40}},"49":{"start":{"line":50,"column":0},"end":{"line":50,"column":34}},"50":{"start":{"line":51,"column":0},"end":{"line":51,"column":21}},"51":{"start":{"line":52,"column":0},"end":{"line":52,"column":59}},"52":{"start":{"line":53,"column":0},"end":{"line":53,"column":39}},"53":{"start":{"line":54,"column":0},"end":{"line":54,"column":36}},"54":{"start":{"line":55,"column":0},"end":{"line":55,"column":21}},"55":{"start":{"line":56,"column":0},"end":{"line":56,"column":50}},"56":{"start":{"line":57,"column":0},"end":{"line":57,"column":38}},"57":{"start":{"line":58,"column":0},"end":{"line":58,"column":35}},"58":{"start":{"line":59,"column":0},"end":{"line":59,"column":21}},"59":{"start":{"line":60,"column":0},"end":{"line":60,"column":14}},"60":{"start":{"line":61,"column":0},"end":{"line":61,"column":8}}},"s":{"0":1,"6":1,"8":1,"9":4,"10":4,"11":1,"12":1,"13":1,"17":1,"18":1,"19":1,"20":1,"21":1,"22":1,"23":1,"24":1,"25":1,"26":1,"27":1,"28":1,"30":1,"31":1,"32":1,"33":5,"35":1,"36":1,"37":1,"38":1,"39":1,"40":1,"41":1,"42":1,"43":1,"44":1,"45":1,"46":1,"47":1,"48":1,"49":3,"50":1,"51":1,"52":1,"53":3,"54":1,"55":1,"56":1,"57":3,"58":1,"59":1,"60":1},"branchMap":{"0":{"type":"branch","line":9,"loc":{"start":{"line":9,"column":19},"end":{"line":11,"column":2}},"locations":[{"start":{"line":9,"column":19},"end":{"line":11,"column":2}}]},"1":{"type":"branch","line":12,"loc":{"start":{"line":12,"column":20},"end":{"line":14,"column":2}},"locations":[{"start":{"line":12,"column":20},"end":{"line":14,"column":2}}]},"2":{"type":"branch","line":33,"loc":{"start":{"line":33,"column":10},"end":{"line":34,"column":36}},"locations":[{"start":{"line":33,"column":10},"end":{"line":34,"column":36}}]},"3":{"type":"branch","line":34,"loc":{"start":{"line":34,"column":10},"end":{"line":34,"column":36}},"locations":[{"start":{"line":34,"column":10},"end":{"line":34,"column":36}}]},"4":{"type":"branch","line":33,"loc":{"start":{"line":33,"column":19},"end":{"line":33,"column":41}},"locations":[{"start":{"line":33,"column":19},"end":{"line":33,"column":41}}]},"5":{"type":"branch","line":37,"loc":{"start":{"line":37,"column":10},"end":{"line":37,"column":38}},"locations":[{"start":{"line":37,"column":10},"end":{"line":37,"column":38}}]},"6":{"type":"branch","line":39,"loc":{"start":{"line":39,"column":34},"end":{"line":39,"column":59}},"locations":[{"start":{"line":39,"column":34},"end":{"line":39,"column":59}}]},"7":{"type":"branch","line":39,"loc":{"start":{"line":39,"column":44},"end":{"line":39,"column":59}},"locations":[{"start":{"line":39,"column":44},"end":{"line":39,"column":59}}]},"8":{"type":"branch","line":41,"loc":{"start":{"line":41,"column":36},"end":{"line":41,"column":63}},"locations":[{"start":{"line":41,"column":36},"end":{"line":41,"column":63}}]},"9":{"type":"branch","line":41,"loc":{"start":{"line":41,"column":48},"end":{"line":41,"column":63}},"locations":[{"start":{"line":41,"column":48},"end":{"line":41,"column":63}}]},"10":{"type":"branch","line":44,"loc":{"start":{"line":44,"column":27},"end":{"line":44,"column":49}},"locations":[{"start":{"line":44,"column":27},"end":{"line":44,"column":49}}]},"11":{"type":"branch","line":44,"loc":{"start":{"line":44,"column":38},"end":{"line":44,"column":49}},"locations":[{"start":{"line":44,"column":38},"end":{"line":44,"column":49}}]},"12":{"type":"branch","line":45,"loc":{"start":{"line":45,"column":38},"end":{"line":45,"column":63}},"locations":[{"start":{"line":45,"column":38},"end":{"line":45,"column":63}}]},"13":{"type":"branch","line":45,"loc":{"start":{"line":45,"column":48},"end":{"line":45,"column":63}},"locations":[{"start":{"line":45,"column":48},"end":{"line":45,"column":63}}]},"14":{"type":"branch","line":49,"loc":{"start":{"line":49,"column":8},"end":{"line":50,"column":34}},"locations":[{"start":{"line":49,"column":8},"end":{"line":50,"column":34}}]},"15":{"type":"branch","line":49,"loc":{"start":{"line":49,"column":17},"end":{"line":49,"column":40}},"locations":[{"start":{"line":49,"column":17},"end":{"line":49,"column":40}}]},"16":{"type":"branch","line":53,"loc":{"start":{"line":53,"column":8},"end":{"line":54,"column":36}},"locations":[{"start":{"line":53,"column":8},"end":{"line":54,"column":36}}]},"17":{"type":"branch","line":53,"loc":{"start":{"line":53,"column":17},"end":{"line":53,"column":39}},"locations":[{"start":{"line":53,"column":17},"end":{"line":53,"column":39}}]},"18":{"type":"branch","line":57,"loc":{"start":{"line":57,"column":8},"end":{"line":58,"column":35}},"locations":[{"start":{"line":57,"column":8},"end":{"line":58,"column":35}}]},"19":{"type":"branch","line":57,"loc":{"start":{"line":57,"column":17},"end":{"line":57,"column":38}},"locations":[{"start":{"line":57,"column":17},"end":{"line":57,"column":38}}]}},"b":{"0":[4],"1":[1],"2":[5],"3":[2],"4":[5],"5":[6],"6":[6],"7":[3],"8":[6],"9":[3],"10":[5],"11":[2],"12":[6],"13":[3],"14":[3],"15":[3],"16":[3],"17":[3],"18":[3],"19":[3]},"fnMap":{"0":{"name":"handleOpen","decl":{"start":{"line":9,"column":19},"end":{"line":11,"column":2}},"loc":{"start":{"line":9,"column":19},"end":{"line":11,"column":2}},"line":9},"1":{"name":"handleClose","decl":{"start":{"line":12,"column":20},"end":{"line":14,"column":2}},"loc":{"start":{"line":12,"column":20},"end":{"line":14,"column":2}},"line":12}},"f":{"0":4,"1":1}}
,"/home/runner/work/vue3-template/vue3-template/app/src/components/organisms/StampCard/StampCard.vue": {"path":"/home/runner/work/vue3-template/vue3-template/app/src/components/organisms/StampCard/StampCard.vue","all":false,"statementMap":{"0":{"start":{"line":1,"column":0},"end":{"line":1,"column":24}},"1":{"start":{"line":2,"column":0},"end":{"line":2,"column":92}},"2":{"start":{"line":3,"column":0},"end":{"line":3,"column":83}},"3":{"start":{"line":4,"column":0},"end":{"line":4,"column":77}},"12":{"start":{"line":13,"column":0},"end":{"line":13,"column":34}},"13":{"start":{"line":14,"column":0},"end":{"line":14,"column":91}},"14":{"start":{"line":15,"column":0},"end":{"line":15,"column":93}},"15":{"start":{"line":16,"column":0},"end":{"line":16,"column":67}},"16":{"start":{"line":17,"column":0},"end":{"line":17,"column":27}},"17":{"start":{"line":18,"column":0},"end":{"line":18,"column":10}},"18":{"start":{"line":19,"column":0},"end":{"line":19,"column":8}}},"s":{"0":1,"1":1,"2":1,"3":1,"12":1,"13":1,"14":1,"15":1,"16":1,"17":1,"18":1},"branchMap":{"0":{"type":"branch","line":15,"loc":{"start":{"line":15,"column":48},"end":{"line":15,"column":93}},"locations":[{"start":{"line":15,"column":48},"end":{"line":15,"column":93}}]},"1":{"type":"branch","line":15,"loc":{"start":{"line":15,"column":86},"end":{"line":15,"column":93}},"locations":[{"start":{"line":15,"column":86},"end":{"line":15,"column":93}}]},"2":{"type":"branch","line":15,"loc":{"start":{"line":15,"column":86},"end":{"line":15,"column":93}},"locations":[{"start":{"line":15,"column":86},"end":{"line":15,"column":93}}]}},"b":{"0":[1],"1":[3],"2":[1]},"fnMap":{},"f":{}}
,"/home/runner/work/vue3-template/vue3-template/app/src/components/organisms/TheHeader/TheHeader.vue": {"path":"/home/runner/work/vue3-template/vue3-template/app/src/components/organisms/TheHeader/TheHeader.vue","all":false,"statementMap":{"0":{"start":{"line":1,"column":0},"end":{"line":1,"column":24}},"1":{"start":{"line":2,"column":0},"end":{"line":2,"column":100}},"2":{"start":{"line":3,"column":0},"end":{"line":3,"column":70}},"3":{"start":{"line":4,"column":0},"end":{"line":4,"column":75}},"4":{"start":{"line":5,"column":0},"end":{"line":5,"column":33}},"5":{"start":{"line":6,"column":0},"end":{"line":6,"column":70}},"8":{"start":{"line":9,"column":0},"end":{"line":9,"column":36}},"9":{"start":{"line":10,"column":0},"end":{"line":10,"column":24}},"10":{"start":{"line":11,"column":0},"end":{"line":11,"column":33}},"11":{"start":{"line":12,"column":0},"end":{"line":12,"column":3}},"13":{"start":{"line":14,"column":0},"end":{"line":14,"column":55}},"14":{"start":{"line":15,"column":0},"end":{"line":15,"column":54}},"15":{"start":{"line":16,"column":0},"end":{"line":16,"column":40}},"16":{"start":{"line":17,"column":0},"end":{"line":17,"column":35}},"17":{"start":{"line":18,"column":0},"end":{"line":18,"column":59}},"18":{"start":{"line":19,"column":0},"end":{"line":19,"column":2}},"20":{"start":{"line":21,"column":0},"end":{"line":21,"column":44}},"21":{"start":{"line":22,"column":0},"end":{"line":22,"column":3}},"22":{"start":{"line":23,"column":0},"end":{"line":23,"column":10}},"23":{"start":{"line":24,"column":0},"end":{"line":24,"column":19}},"24":{"start":{"line":25,"column":0},"end":{"line":25,"column":19}},"25":{"start":{"line":26,"column":0},"end":{"line":26,"column":4}},"26":{"start":{"line":27,"column":0},"end":{"line":27,"column":3}},"27":{"start":{"line":28,"column":0},"end":{"line":28,"column":10}},"28":{"start":{"line":29,"column":0},"end":{"line":29,"column":20}},"29":{"start":{"line":30,"column":0},"end":{"line":30,"column":20}},"30":{"start":{"line":31,"column":0},"end":{"line":31,"column":4}},"31":{"start":{"line":32,"column":0},"end":{"line":32,"column":3}},"32":{"start":{"line":33,"column":0},"end":{"line":33,"column":10}},"33":{"start":{"line":34,"column":0},"end":{"line":34,"column":21}},"34":{"start":{"line":35,"column":0},"end":{"line":35,"column":20}},"35":{"start":{"line":36,"column":0},"end":{"line":36,"column":4}},"36":{"start":{"line":37,"column":0},"end":{"line":37,"column":3}},"37":{"start":{"line":38,"column":0},"end":{"line":38,"column":10}},"38":{"start":{"line":39,"column":0},"end":{"line":39,"column":21}},"39":{"start":{"line":40,"column":0},"end":{"line":40,"column":20}},"40":{"start":{"line":41,"column":0},"end":{"line":41,"column":4}},"41":{"start":{"line":42,"column":0},"end":{"line":42,"column":2}},"45":{"start":{"line":46,"column":0},"end":{"line":46,"column":66}},"46":{"start":{"line":47,"column":0},"end":{"line":47,"column":61}},"47":{"start":{"line":48,"column":0},"end":{"line":48,"column":11}},"48":{"start":{"line":49,"column":0},"end":{"line":49,"column":78}},"49":{"start":{"line":50,"column":0},"end":{"line":50,"column":12}},"50":{"start":{"line":51,"column":0},"end":{"line":51,"column":11}},"51":{"start":{"line":52,"column":0},"end":{"line":52,"column":70}},"52":{"start":{"line":53,"column":0},"end":{"line":53,"column":30}},"53":{"start":{"line":54,"column":0},"end":{"line":54,"column":9}},"54":{"start":{"line":55,"column":0},"end":{"line":55,"column":12}},"55":{"start":{"line":56,"column":0},"end":{"line":56,"column":54}},"56":{"start":{"line":57,"column":0},"end":{"line":57,"column":12}},"57":{"start":{"line":58,"column":0},"end":{"line":58,"column":10}},"58":{"start":{"line":59,"column":0},"end":{"line":59,"column":48}},"59":{"start":{"line":60,"column":0},"end":{"line":60,"column":11}},"60":{"start":{"line":61,"column":0},"end":{"line":61,"column":70}},"61":{"start":{"line":62,"column":0},"end":{"line":62,"column":30}},"62":{"start":{"line":63,"column":0},"end":{"line":63,"column":9}},"63":{"start":{"line":64,"column":0},"end":{"line":64,"column":12}},"64":{"start":{"line":65,"column":0},"end":{"line":65,"column":40}},"65":{"start":{"line":66,"column":0},"end":{"line":66,"column":94}},"66":{"start":{"line":67,"column":0},"end":{"line":67,"column":74}},"67":{"start":{"line":68,"column":0},"end":{"line":68,"column":14}},"68":{"start":{"line":69,"column":0},"end":{"line":69,"column":56}},"69":{"start":{"line":70,"column":0},"end":{"line":70,"column":34}},"70":{"start":{"line":71,"column":0},"end":{"line":71,"column":14}},"71":{"start":{"line":72,"column":0},"end":{"line":72,"column":12}},"72":{"start":{"line":73,"column":0},"end":{"line":73,"column":10}},"73":{"start":{"line":74,"column":0},"end":{"line":74,"column":8}},"74":{"start":{"line":75,"column":0},"end":{"line":75,"column":49}},"75":{"start":{"line":76,"column":0},"end":{"line":76,"column":89}},"76":{"start":{"line":77,"column":0},"end":{"line":77,"column":91}},"77":{"start":{"line":78,"column":0},"end":{"line":78,"column":10}},"78":{"start":{"line":79,"column":0},"end":{"line":79,"column":8}}},"s":{"0":1,"1":1,"2":1,"3":1,"4":1,"5":1,"8":1,"9":1,"10":0,"11":1,"13":1,"14":1,"15":1,"16":1,"17":0,"18":0,"20":1,"21":1,"22":1,"23":1,"24":1,"25":1,"26":1,"27":1,"28":1,"29":1,"30":1,"31":1,"32":1,"33":1,"34":1,"35":1,"36":1,"37":1,"38":1,"39":1,"40":1,"41":1,"45":1,"46":1,"47":0,"48":0,"49":0,"50":0,"51":0,"52":0,"53":0,"54":0,"55":0,"56":0,"57":0,"58":1,"59":1,"60":1,"61":1,"62":1,"63":1,"64":1,"65":1,"66":1,"67":1,"68":1,"69":1,"70":1,"71":1,"72":1,"73":1,"74":1,"75":1,"76":1,"77":1,"78":1},"branchMap":{"0":{"type":"branch","line":47,"loc":{"start":{"line":47,"column":15},"end":{"line":59,"column":17}},"locations":[{"start":{"line":47,"column":15},"end":{"line":59,"column":17}}]},"1":{"type":"branch","line":75,"loc":{"start":{"line":75,"column":13},"end":{"line":75,"column":49}},"locations":[{"start":{"line":75,"column":13},"end":{"line":75,"column":49}}]}},"b":{"0":[0],"1":[0]},"fnMap":{"0":{"name":"toggleIsMenuVisible","decl":{"start":{"line":17,"column":28},"end":{"line":19,"column":2}},"loc":{"start":{"line":17,"column":28},"end":{"line":19,"column":2}},"line":17}},"f":{"0":0}}
,"/home/runner/work/vue3-template/vue3-template/app/src/composable/common/getUrl.ts": {"path":"/home/runner/work/vue3-template/vue3-template/app/src/composable/common/getUrl.ts","all":false,"statementMap":{"0":{"start":{"line":1,"column":0},"end":{"line":1,"column":59}},"1":{"start":{"line":2,"column":0},"end":{"line":2,"column":25}},"2":{"start":{"line":3,"column":0},"end":{"line":3,"column":2}}},"s":{"0":1,"1":1,"2":1},"branchMap":{"0":{"type":"branch","line":1,"loc":{"start":{"line":1,"column":22},"end":{"line":3,"column":2}},"locations":[{"start":{"line":1,"column":22},"end":{"line":3,"column":2}}]}},"b":{"0":[1]},"fnMap":{"0":{"name":"getUrl","decl":{"start":{"line":1,"column":22},"end":{"line":3,"column":2}},"loc":{"start":{"line":1,"column":22},"end":{"line":3,"column":2}},"line":1}},"f":{"0":1}}
,"/home/runner/work/vue3-template/vue3-template/app/src/composable/index/index.ts": {"path":"/home/runner/work/vue3-template/vue3-template/app/src/composable/index/index.ts","all":true,"statementMap":{},"s":{},"branchMap":{"0":{"type":"branch","line":1,"loc":{"start":{"line":1,"column":0},"end":{"line":1,"column":0}},"locations":[{"start":{"line":1,"column":0},"end":{"line":1,"column":0}}]}},"b":{"0":[1]},"fnMap":{"0":{"name":"(empty-report)","decl":{"start":{"line":1,"column":0},"end":{"line":1,"column":0}},"loc":{"start":{"line":1,"column":0},"end":{"line":1,"column":0}},"line":1}},"f":{"0":1}}
,"/home/runner/work/vue3-template/vue3-template/app/src/layouts/MainLayout/MainLayout.vue": {"path":"/home/runner/work/vue3-template/vue3-template/app/src/layouts/MainLayout/MainLayout.vue","all":false,"statementMap":{"0":{"start":{"line":1,"column":0},"end":{"line":1,"column":24}},"1":{"start":{"line":2,"column":0},"end":{"line":2,"column":65}},"2":{"start":{"line":3,"column":0},"end":{"line":3,"column":71}},"3":{"start":{"line":4,"column":0},"end":{"line":4,"column":66}},"5":{"start":{"line":6,"column":0},"end":{"line":6,"column":55}},"6":{"start":{"line":7,"column":0},"end":{"line":7,"column":54}},"10":{"start":{"line":11,"column":0},"end":{"line":11,"column":43}},"11":{"start":{"line":12,"column":0},"end":{"line":12,"column":35}},"12":{"start":{"line":13,"column":0},"end":{"line":13,"column":19}},"13":{"start":{"line":14,"column":0},"end":{"line":14,"column":13}},"14":{"start":{"line":15,"column":0},"end":{"line":15,"column":56}},"15":{"start":{"line":16,"column":0},"end":{"line":16,"column":15}},"16":{"start":{"line":17,"column":0},"end":{"line":17,"column":42}},"17":{"start":{"line":18,"column":0},"end":{"line":18,"column":18}},"18":{"start":{"line":19,"column":0},"end":{"line":19,"column":14}},"19":{"start":{"line":20,"column":0},"end":{"line":20,"column":16}},"20":{"start":{"line":21,"column":0},"end":{"line":21,"column":10}},"21":{"start":{"line":22,"column":0},"end":{"line":22,"column":42}},"22":{"start":{"line":23,"column":0},"end":{"line":23,"column":53}},"23":{"start":{"line":24,"column":0},"end":{"line":24,"column":20}},"24":{"start":{"line":25,"column":0},"end":{"line":25,"column":14}},"25":{"start":{"line":26,"column":0},"end":{"line":26,"column":36}},"26":{"start":{"line":27,"column":0},"end":{"line":27,"column":42}},"27":{"start":{"line":28,"column":0},"end":{"line":28,"column":18}},"28":{"start":{"line":29,"column":0},"end":{"line":29,"column":14}},"29":{"start":{"line":30,"column":0},"end":{"line":30,"column":16}},"30":{"start":{"line":31,"column":0},"end":{"line":31,"column":10}},"31":{"start":{"line":32,"column":0},"end":{"line":32,"column":12}}},"s":{"0":1,"1":1,"2":1,"3":1,"5":1,"6":1,"10":1,"11":1,"12":1,"13":1,"14":1,"15":0,"16":0,"17":0,"18":0,"19":0,"20":0,"21":1,"22":1,"23":1,"24":1,"25":1,"26":1,"27":1,"28":1,"29":1,"30":1,"31":1},"branchMap":{"0":{"type":"branch","line":1,"loc":{"start":{"line":1,"column":0},"end":{"line":6,"column":20}},"locations":[{"start":{"line":1,"column":0},"end":{"line":6,"column":20}}]},"1":{"type":"branch","line":1,"loc":{"start":{"line":1,"column":0},"end":{"line":6,"column":20}},"locations":[{"start":{"line":1,"column":0},"end":{"line":6,"column":20}}]},"2":{"type":"branch","line":15,"loc":{"start":{"line":15,"column":15},"end":{"line":22,"column":17}},"locations":[{"start":{"line":15,"column":15},"end":{"line":22,"column":17}}]}},"b":{"0":[1],"1":[1],"2":[0]},"fnMap":{},"f":{}}
}
